# JRE version: OpenJDK Runtime Environment (8.0_152-b01) (build 1.8.0_152-release-915-b01)
# Java VM: OpenJDK 64-Bit Server VM (25.152-b01 mixed mode linux-amd64 compressed oops)
Heap:
 PSYoungGen      total 87552K, used 2629K [0x00000000e0000000, 0x00000000e5f00000, 0x0000000100000000)
  eden space 77824K, 0% used [0x00000000e0000000,0x00000000e0000000,0x00000000e4c00000)
  from space 9728K, 27% used [0x00000000e4c00000,0x00000000e4e916c0,0x00000000e5580000)
  to   space 8192K, 0% used [0x00000000e5700000,0x00000000e5700000,0x00000000e5f00000)
 ParOldGen       total 35840K, used 14179K [0x00000000a0000000, 0x00000000a2300000, 0x00000000e0000000)
  object space 35840K, 39% used [0x00000000a0000000,0x00000000a0dd8fd0,0x00000000a2300000)
 Metaspace       used 34656K, capacity 35250K, committed 35416K, reserved 1079296K
  class space    used 4746K, capacity 4965K, committed 4992K, reserved 1048576K
GC Heap History (10 events):
Event: 12,888 GC heap after
Heap after GC invocations=7 (full 0):
 PSYoungGen      total 66048K, used 6024K [0x00000000e0000000, 0x00000000e4b00000, 0x0000000100000000)
  eden space 58368K, 0% used [0x00000000e0000000,0x00000000e0000000,0x00000000e3900000)
  from space 7680K, 78% used [0x00000000e3900000,0x00000000e3ee2070,0x00000000e4080000)
  to   space 8192K, 0% used [0x00000000e4300000,0x00000000e4300000,0x00000000e4b00000)
 ParOldGen       total 40960K, used 7122K [0x00000000a0000000, 0x00000000a2800000, 0x00000000e0000000)
  object space 40960K, 17% used [0x00000000a0000000,0x00000000a06f4998,0x00000000a2800000)
 Metaspace       used 20671K, capacity 21070K, committed 21248K, reserved 1067008K
  class space    used 2895K, capacity 3038K, committed 3072K, reserved 1048576K
}
Event: 12,889 GC heap before
{Heap before GC invocations=8 (full 1):
 PSYoungGen      total 66048K, used 6024K [0x00000000e0000000, 0x00000000e4b00000, 0x0000000100000000)
  eden space 58368K, 0% used [0x00000000e0000000,0x00000000e0000000,0x00000000e3900000)
  from space 7680K, 78% used [0x00000000e3900000,0x00000000e3ee2070,0x00000000e4080000)
  to   space 8192K, 0% used [0x00000000e4300000,0x00000000e4300000,0x00000000e4b00000)
 ParOldGen       total 40960K, used 7122K [0x00000000a0000000, 0x00000000a2800000, 0x00000000e0000000)
  object space 40960K, 17% used [0x00000000a0000000,0x00000000a06f4998,0x00000000a2800000)
 Metaspace       used 20671K, capacity 21070K, committed 21248K, reserved 1067008K
  class space    used 2895K, capacity 3038K, committed 3072K, reserved 1048576K
Event: 13,074 GC heap after
Heap after GC invocations=8 (full 1):
 PSYoungGen      total 66048K, used 0K [0x00000000e0000000, 0x00000000e4b00000, 0x0000000100000000)
  eden space 58368K, 0% used [0x00000000e0000000,0x00000000e0000000,0x00000000e3900000)
  from space 7680K, 0% used [0x00000000e3900000,0x00000000e3900000,0x00000000e4080000)
  to   space 8192K, 0% used [0x00000000e4300000,0x00000000e4300000,0x00000000e4b00000)
 ParOldGen       total 35840K, used 8280K [0x00000000a0000000, 0x00000000a2300000, 0x00000000e0000000)
  object space 35840K, 23% used [0x00000000a0000000,0x00000000a0816320,0x00000000a2300000)
 Metaspace       used 20671K, capacity 21070K, committed 21248K, reserved 1067008K
  class space    used 2895K, capacity 3038K, committed 3072K, reserved 1048576K
}
Event: 20,711 GC heap before
{Heap before GC invocations=9 (full 1):
 PSYoungGen      total 66048K, used 58368K [0x00000000e0000000, 0x00000000e4b00000, 0x0000000100000000)
  eden space 58368K, 100% used [0x00000000e0000000,0x00000000e3900000,0x00000000e3900000)
  from space 7680K, 0% used [0x00000000e3900000,0x00000000e3900000,0x00000000e4080000)
  to   space 8192K, 0% used [0x00000000e4300000,0x00000000e4300000,0x00000000e4b00000)
 ParOldGen       total 35840K, used 8280K [0x00000000a0000000, 0x00000000a2300000, 0x00000000e0000000)
  object space 35840K, 23% used [0x00000000a0000000,0x00000000a0816320,0x00000000a2300000)
 Metaspace       used 25330K, capacity 25868K, committed 26368K, reserved 1071104K
  class space    used 3546K, capacity 3731K, committed 3840K, reserved 1048576K
Event: 20,986 GC heap after
Heap after GC invocations=9 (full 1):
 PSYoungGen      total 68096K, used 7225K [0x00000000e0000000, 0x00000000e6900000, 0x0000000100000000)
  eden space 59904K, 0% used [0x00000000e0000000,0x00000000e0000000,0x00000000e3a80000)
  from space 8192K, 88% used [0x00000000e4300000,0x00000000e4a0e670,0x00000000e4b00000)
  to   space 8704K, 0% used [0x00000000e3a80000,0x00000000e3a80000,0x00000000e4300000)
 ParOldGen       total 35840K, used 8288K [0x00000000a0000000, 0x00000000a2300000, 0x00000000e0000000)
  object space 35840K, 23% used [0x00000000a0000000,0x00000000a0818320,0x00000000a2300000)
 Metaspace       used 25330K, capacity 25868K, committed 26368K, reserved 1071104K
  class space    used 3546K, capacity 3731K, committed 3840K, reserved 1048576K
}
Event: 33,268 GC heap before
{Heap before GC invocations=10 (full 1):
 PSYoungGen      total 68096K, used 67129K [0x00000000e0000000, 0x00000000e6900000, 0x0000000100000000)
  eden space 59904K, 100% used [0x00000000e0000000,0x00000000e3a80000,0x00000000e3a80000)
  from space 8192K, 88% used [0x00000000e4300000,0x00000000e4a0e670,0x00000000e4b00000)
  to   space 8704K, 0% used [0x00000000e3a80000,0x00000000e3a80000,0x00000000e4300000)
 ParOldGen       total 35840K, used 8288K [0x00000000a0000000, 0x00000000a2300000, 0x00000000e0000000)
  object space 35840K, 23% used [0x00000000a0000000,0x00000000a0818320,0x00000000a2300000)
 Metaspace       used 30519K, capacity 31068K, committed 31360K, reserved 1077248K
  class space    used 4211K, capacity 4417K, committed 4480K, reserved 1048576K
Event: 33,406 GC heap after
Heap after GC invocations=10 (full 1):
 PSYoungGen      total 68608K, used 8674K [0x00000000e0000000, 0x00000000e6100000, 0x0000000100000000)
  eden space 59904K, 0% used [0x00000000e0000000,0x00000000e0000000,0x00000000e3a80000)
  from space 8704K, 99% used [0x00000000e3a80000,0x00000000e42f8ad0,0x00000000e4300000)
  to   space 10240K, 0% used [0x00000000e5700000,0x00000000e5700000,0x00000000e6100000)
 ParOldGen       total 35840K, used 8546K [0x00000000a0000000, 0x00000000a2300000, 0x00000000e0000000)
  object space 35840K, 23% used [0x00000000a0000000,0x00000000a0858970,0x00000000a2300000)
 Metaspace       used 30519K, capacity 31068K, committed 31360K, reserved 1077248K
  class space    used 4211K, capacity 4417K, committed 4480K, reserved 1048576K
}
Event: 88,584 GC heap before
{Heap before GC invocations=11 (full 1):
 PSYoungGen      total 68608K, used 68578K [0x00000000e0000000, 0x00000000e6100000, 0x0000000100000000)
  eden space 59904K, 100% used [0x00000000e0000000,0x00000000e3a80000,0x00000000e3a80000)
  from space 8704K, 99% used [0x00000000e3a80000,0x00000000e42f8ad0,0x00000000e4300000)
  to   space 10240K, 0% used [0x00000000e5700000,0x00000000e5700000,0x00000000e6100000)
 ParOldGen       total 35840K, used 8546K [0x00000000a0000000, 0x00000000a2300000, 0x00000000e0000000)
  object space 35840K, 23% used [0x00000000a0000000,0x00000000a0858970,0x00000000a2300000)
 Metaspace       used 33069K, capacity 33668K, committed 33920K, reserved 1079296K
  class space    used 4525K, capacity 4735K, committed 4736K, reserved 1048576K
Event: 90,118 GC heap after
Heap after GC invocations=11 (full 1):
 PSYoungGen      total 86016K, used 5458K [0x00000000e0000000, 0x00000000e5f00000, 0x0000000100000000)
  eden space 77824K, 0% used [0x00000000e0000000,0x00000000e0000000,0x00000000e4c00000)
  from space 8192K, 66% used [0x00000000e5700000,0x00000000e5c549b8,0x00000000e5f00000)
  to   space 9728K, 0% used [0x00000000e4c00000,0x00000000e4c00000,0x00000000e5580000)
 ParOldGen       total 35840K, used 12559K [0x00000000a0000000, 0x00000000a2300000, 0x00000000e0000000)
  object space 35840K, 35% used [0x00000000a0000000,0x00000000a0c43cf0,0x00000000a2300000)
 Metaspace       used 33069K, capacity 33668K, committed 33920K, reserved 1079296K
  class space    used 4525K, capacity 4735K, committed 4736K, reserved 1048576K
}
Event: 135,672 GC heap before
{Heap before GC invocations=12 (full 1):
 PSYoungGen      total 86016K, used 9993K [0x00000000e0000000, 0x00000000e5f00000, 0x0000000100000000)
  eden space 77824K, 5% used [0x00000000e0000000,0x00000000e046de00,0x00000000e4c00000)
  from space 8192K, 66% used [0x00000000e5700000,0x00000000e5c549b8,0x00000000e5f00000)
  to   space 9728K, 0% used [0x00000000e4c00000,0x00000000e4c00000,0x00000000e5580000)
 ParOldGen       total 35840K, used 12559K [0x00000000a0000000, 0x00000000a2300000, 0x00000000e0000000)
  object space 35840K, 35% used [0x00000000a0000000,0x00000000a0c43cf0,0x00000000a2300000)
 Metaspace       used 34656K, capacity 35250K, committed 35416K, reserved 1079296K
  class space    used 4746K, capacity 4965K, committed 4992K, reserved 1048576K

